<?xml version="1.0" encoding="UTF-8"?>
<!-- Generated by org.testng.reporters.JUnitReportReporter -->
<testsuite skipped="0" hostname="Harshi-PC" name="com.qa.tests.GetApiTest" tests="2" failures="0" timestamp="19 Jun 2018 13:21:21 GMT" time="3.460" errors="0">
  <testcase name="getAPITestWithoutHeaders" time="2.856" classname="com.qa.tests.GetApiTest"/>
  <testcase name="getAPITestWithHeaders" time="0.604" classname="com.qa.tests.GetApiTest"/>
</testsuite> <!-- com.qa.tests.GetApiTest -->
