<?xml version="1.0" encoding="UTF-8"?>
<!-- Generated by org.testng.reporters.JUnitReportReporter -->
<testsuite skipped="0" hostname="Harshi-PC" name="com.qa.tests.GetApiTest" tests="2" failures="0" timestamp="20 Jun 2018 11:45:34 GMT" time="3.120" errors="0">
  <testcase name="getAPITestWithoutHeaders" time="2.093" classname="com.qa.tests.GetApiTest"/>
  <testcase name="getAPITestWithHeaders" time="1.027" classname="com.qa.tests.GetApiTest"/>
</testsuite> <!-- com.qa.tests.GetApiTest -->
