<?xml version="1.0" encoding="UTF-8"?>
<!-- Generated by org.testng.reporters.JUnitReportReporter -->
<testsuite skipped="0" hostname="Harshi-PC" name="com.qa.tests.PostApiTest" tests="1" failures="0" timestamp="20 Jun 2018 11:45:09 GMT" time="3.095" errors="0">
  <testcase name="postAPITest" time="3.095" classname="com.qa.tests.PostApiTest"/>
</testsuite> <!-- com.qa.tests.PostApiTest -->
